==================================================
PROJECT: BudgetTracking2026 - FINAL SPRINT (3)
DATE: 2026-04-20
ENVIRONMENT: Production Build
==================================================

[PERFORMANCE AUDIT]
- First Contentful Paint: 1.2s (PASSED)
- Time to Interactive: 1.8s (PASSED)
- Total Bundle Size: 312.4 KB (PASSED < 500KB)

[BUILD OPTIMIZATIONS]
- Vite Terser Minification: ENABLED
- Rollup Manual Chunking: ENABLED (Vendor/UI/Features)
- Image Compression: COMPLETED
- Dead Code Removal (Tree Shaking): COMPLETED

[INFRASTRUCTURE]
- .env Architecture: VERIFIED
- API Timeout Protocols: ACTIVE (5000ms)
- Error Boundary Handling: VERIFIED

[ACCESSIBILITY]
- WCAG 2.1 AA Compliance: VERIFIED (Lighthouse Score: 100)

AUDIT COMPLETED BY: Team Backend Specialist
==================================================
